[2026-07-07T15:56:36.989+0500] {local_task_job_runner.py:123} INFO - ::group::Pre task execution logs
[2026-07-07T15:56:37.002+0500] {taskinstance.py:2614} INFO - Dependencies all met for dep_context=non-requeueable deps ti=<TaskInstance: warehouse_pipeline.run_pipeline manual__2026-07-07T10:56:36.053348+00:00 [queued]>
[2026-07-07T15:56:37.007+0500] {taskinstance.py:2614} INFO - Dependencies all met for dep_context=requeueable deps ti=<TaskInstance: warehouse_pipeline.run_pipeline manual__2026-07-07T10:56:36.053348+00:00 [queued]>
[2026-07-07T15:56:37.009+0500] {taskinstance.py:2867} INFO - Starting attempt 1 of 2
[2026-07-07T15:56:37.018+0500] {taskinstance.py:2890} INFO - Executing <Task(PythonOperator): run_pipeline> on 2026-07-07 10:56:36.053348+00:00
[2026-07-07T15:56:37.030+0500] {logging_mixin.py:190} WARNING - /home/***/.local/lib/python3.12/site-packages/***/task/task_runner/standard_task_runner.py:70 DeprecationWarning: This process (pid=265) is multi-threaded, use of fork() may lead to deadlocks in the child.
[2026-07-07T15:56:37.028+0500] {standard_task_runner.py:104} INFO - Running: ['***', 'tasks', 'run', 'warehouse_pipeline', 'run_pipeline', 'manual__2026-07-07T10:56:36.053348+00:00', '--job-id', '28', '--raw', '--subdir', 'DAGS_FOLDER/warehouse_pipeline.py', '--cfg-path', '/tmp/tmp9hung6fs']
[2026-07-07T15:56:37.032+0500] {standard_task_runner.py:72} INFO - Started process 271 to run task
[2026-07-07T15:56:37.034+0500] {standard_task_runner.py:105} INFO - Job 28: Subtask run_pipeline
[2026-07-07T15:56:37.094+0500] {task_command.py:467} INFO - Running <TaskInstance: warehouse_pipeline.run_pipeline manual__2026-07-07T10:56:36.053348+00:00 [running]> on host 65a6635ae736
[2026-07-07T15:56:37.169+0500] {taskinstance.py:3134} INFO - Exporting env vars: AIRFLOW_CTX_DAG_OWNER='Usaid' AIRFLOW_CTX_DAG_ID='warehouse_pipeline' AIRFLOW_CTX_TASK_ID='run_pipeline' AIRFLOW_CTX_EXECUTION_DATE='2026-07-07T10:56:36.053348+00:00' AIRFLOW_CTX_TRY_NUMBER='1' AIRFLOW_CTX_DAG_RUN_ID='manual__2026-07-07T10:56:36.053348+00:00'
[2026-07-07T15:56:37.171+0500] {taskinstance.py:732} INFO - ::endgroup::
[2026-07-07T15:56:37.190+0500] {clickhouse_client.py:34} INFO - Connected to ClickHouse.
[2026-07-07T15:56:37.201+0500] {clickhouse_client.py:34} INFO - Connected to ClickHouse.
[2026-07-07T15:56:37.201+0500] {pipeline.py:26} INFO - ============================================================
[2026-07-07T15:56:37.202+0500] {pipeline.py:28} INFO - Starting ELT Pipeline
[2026-07-07T15:56:37.202+0500] {pipeline.py:30} INFO - ============================================================
[2026-07-07T15:56:37.205+0500] {sql_executor.py:47} INFO - Executing 00_init.sql
[2026-07-07T15:56:37.212+0500] {sql_executor.py:60} INFO - Running statement: CREATE DATABASE IF NOT EXISTS ecommerce;
[2026-07-07T15:56:37.215+0500] {sql_executor.py:28} INFO - Completed in 0.00 seconds
[2026-07-07T15:56:37.219+0500] {sql_executor.py:47} INFO - Executing 01_staging.sql
[2026-07-07T15:56:37.223+0500] {sql_executor.py:60} INFO - Running statement: DROP TABLE IF EXISTS ecommerce.stg_events;
[2026-07-07T15:56:37.226+0500] {sql_executor.py:28} INFO - Completed in 0.00 seconds
[2026-07-07T15:56:37.226+0500] {sql_executor.py:60} INFO - Running statement: CREATE TABLE ecommerce.stg_events
[2026-07-07T15:56:37.245+0500] {sql_executor.py:28} INFO - Completed in 0.02 seconds
[2026-07-07T15:56:37.245+0500] {sql_executor.py:60} INFO - Running statement: INSERT INTO ecommerce.stg_events
[2026-07-07T15:57:32.004+0500] {sql_executor.py:28} INFO - Completed in 54.76 seconds
[2026-07-07T15:57:32.023+0500] {sql_executor.py:47} INFO - Executing 02_dimensions.sql
[2026-07-07T15:57:32.029+0500] {sql_executor.py:60} INFO - Running statement: DROP TABLE IF EXISTS ecommerce.dim_products;
[2026-07-07T15:57:32.051+0500] {sql_executor.py:28} INFO - Completed in 0.02 seconds
[2026-07-07T15:57:32.051+0500] {sql_executor.py:60} INFO - Running statement: CREATE TABLE ecommerce.dim_products
[2026-07-07T15:57:37.166+0500] {sql_executor.py:28} INFO - Completed in 5.11 seconds
[2026-07-07T15:57:37.167+0500] {sql_executor.py:60} INFO - Running statement: DROP TABLE IF EXISTS ecommerce.dim_users;
[2026-07-07T15:57:37.170+0500] {sql_executor.py:28} INFO - Completed in 0.00 seconds
[2026-07-07T15:57:37.171+0500] {sql_executor.py:60} INFO - Running statement: CREATE TABLE ecommerce.dim_users
[2026-07-07T15:57:44.640+0500] {sql_executor.py:28} INFO - Completed in 7.47 seconds
[2026-07-07T15:57:44.641+0500] {sql_executor.py:60} INFO - Running statement: DROP TABLE IF EXISTS ecommerce.dim_categories;
[2026-07-07T15:57:44.649+0500] {sql_executor.py:28} INFO - Completed in 0.01 seconds
[2026-07-07T15:57:44.650+0500] {sql_executor.py:60} INFO - Running statement: CREATE TABLE ecommerce.dim_categories
[2026-07-07T15:57:47.465+0500] {job.py:229} INFO - Heartbeat recovered after 13.52 seconds
[2026-07-07T15:57:47.732+0500] {sql_executor.py:28} INFO - Completed in 3.08 seconds
[2026-07-07T15:57:47.732+0500] {sql_executor.py:60} INFO - Running statement: DROP TABLE IF EXISTS ecommerce.dim_dates;
[2026-07-07T15:57:47.734+0500] {sql_executor.py:28} INFO - Completed in 0.00 seconds
[2026-07-07T15:57:47.734+0500] {sql_executor.py:60} INFO - Running statement: CREATE TABLE ecommerce.dim_dates
[2026-07-07T15:57:48.006+0500] {sql_executor.py:28} INFO - Completed in 0.27 seconds
[2026-07-07T15:57:48.009+0500] {sql_executor.py:47} INFO - Executing 03_fact_events.sql
[2026-07-07T15:57:48.015+0500] {sql_executor.py:60} INFO - Running statement: DROP TABLE IF EXISTS ecommerce.fact_events;
[2026-07-07T15:57:48.019+0500] {sql_executor.py:28} INFO - Completed in 0.00 seconds
[2026-07-07T15:57:48.020+0500] {sql_executor.py:60} INFO - Running statement: CREATE TABLE ecommerce.fact_events
[2026-07-07T15:57:48.030+0500] {sql_executor.py:28} INFO - Completed in 0.01 seconds
[2026-07-07T15:57:48.030+0500] {sql_executor.py:60} INFO - Running statement: INSERT INTO ecommerce.fact_events
[2026-07-07T15:57:53.437+0500] {job.py:229} INFO - Heartbeat recovered after 11.95 seconds
[2026-07-07T15:58:13.782+0500] {job.py:229} INFO - Heartbeat recovered after 21.27 seconds
[2026-07-07T15:58:21.624+0500] {job.py:229} INFO - Heartbeat recovered after 23.15 seconds
[2026-07-07T15:58:35.251+0500] {job.py:229} INFO - Heartbeat recovered after 16.40 seconds
[2026-07-07T15:58:59.217+0500] {sql_executor.py:28} INFO - Completed in 71.19 seconds
[2026-07-07T15:58:59.223+0500] {sql_executor.py:47} INFO - Executing 04_materialized_views.sql
[2026-07-07T15:58:59.229+0500] {sql_executor.py:60} INFO - Running statement: DROP VIEW IF EXISTS ecommerce.mv_daily_sales;
[2026-07-07T15:58:59.296+0500] {sql_executor.py:28} INFO - Completed in 0.07 seconds
[2026-07-07T15:58:59.297+0500] {sql_executor.py:60} INFO - Running statement: CREATE MATERIALIZED VIEW ecommerce.mv_daily_sales
[2026-07-07T15:59:01.183+0500] {sql_executor.py:28} INFO - Completed in 1.88 seconds
[2026-07-07T15:59:01.220+0500] {sql_executor.py:47} INFO - Executing 05_data_marts.sql
[2026-07-07T15:59:01.297+0500] {sql_executor.py:60} INFO - Running statement: DROP TABLE IF EXISTS ecommerce.sales_dashboard;
[2026-07-07T15:59:01.321+0500] {sql_executor.py:28} INFO - Completed in 0.02 seconds
[2026-07-07T15:59:01.322+0500] {sql_executor.py:60} INFO - Running statement: CREATE TABLE ecommerce.sales_dashboard
[2026-07-07T15:59:03.274+0500] {sql_executor.py:28} INFO - Completed in 1.95 seconds
[2026-07-07T15:59:03.275+0500] {sql_executor.py:60} INFO - Running statement: DROP TABLE IF EXISTS ecommerce.brand_dashboard;
[2026-07-07T15:59:03.288+0500] {sql_executor.py:28} INFO - Completed in 0.01 seconds
[2026-07-07T15:59:03.288+0500] {sql_executor.py:60} INFO - Running statement: CREATE TABLE ecommerce.brand_dashboard
[2026-07-07T15:59:10.529+0500] {sql_executor.py:28} INFO - Completed in 7.24 seconds
[2026-07-07T15:59:10.530+0500] {sql_executor.py:60} INFO - Running statement: DROP TABLE IF EXISTS ecommerce.category_dashboard;
[2026-07-07T15:59:10.540+0500] {sql_executor.py:28} INFO - Completed in 0.01 seconds
[2026-07-07T15:59:10.540+0500] {sql_executor.py:60} INFO - Running statement: CREATE TABLE ecommerce.category_dashboard
[2026-07-07T15:59:12.914+0500] {sql_executor.py:28} INFO - Completed in 2.37 seconds
[2026-07-07T15:59:12.917+0500] {sql_executor.py:47} INFO - Executing 06_quality_checks.sql
[2026-07-07T15:59:13.017+0500] {sql_executor.py:60} INFO - Running statement: SELECT 'events' table_name,count() rows FROM ecommerce.events
[2026-07-07T15:59:13.080+0500] {sql_executor.py:28} INFO - Completed in 0.06 seconds
[2026-07-07T15:59:13.081+0500] {sql_executor.py:60} INFO - Running statement: SELECT
[2026-07-07T15:59:13.336+0500] {sql_executor.py:28} INFO - Completed in 0.25 seconds
[2026-07-07T15:59:13.341+0500] {sql_executor.py:60} INFO - Running statement: SELECT event_type,count()
[2026-07-07T15:59:13.466+0500] {sql_executor.py:28} INFO - Completed in 0.12 seconds
[2026-07-07T15:59:13.467+0500] {pipeline.py:46} INFO - ============================================================
[2026-07-07T15:59:13.467+0500] {pipeline.py:48} INFO - Pipeline Complete
[2026-07-07T15:59:13.468+0500] {pipeline.py:50} INFO - ============================================================
[2026-07-07T15:59:13.469+0500] {python.py:240} INFO - Done. Returned value was: None
[2026-07-07T15:59:13.484+0500] {taskinstance.py:341} INFO - ::group::Post task execution logs
[2026-07-07T15:59:13.484+0500] {taskinstance.py:353} INFO - Marking task as SUCCESS. dag_id=warehouse_pipeline, task_id=run_pipeline, run_id=manual__2026-07-07T10:56:36.053348+00:00, execution_date=20260707T105636, start_date=20260707T105637, end_date=20260707T105913
[2026-07-07T15:59:20.384+0500] {job.py:229} INFO - Heartbeat recovered after 27.55 seconds
[2026-07-07T15:59:21.130+0500] {local_task_job_runner.py:266} INFO - Task exited with return code 0
[2026-07-07T15:59:21.144+0500] {taskinstance.py:3901} INFO - 0 downstream tasks scheduled from follow-on schedule check
[2026-07-07T15:59:22.102+0500] {local_task_job_runner.py:245} INFO - ::endgroup::
[2026-07-07T15:59:22.316+0500] {standard_task_runner.py:217} INFO - Process not found (most likely exited), stop collecting metrics
